app/build/intermediates/manifest_merge_blame_file/debug/manifest-merger-blame-debug-report.txt
1<?xml version="1.0" encoding="utf-8"?>
2<manifest xmlns:android="http://schemas.android.com/apk/res/android"
3    package="com.ejvindh.andgro"
4    android:versionCode="1"
5    android:versionName="1.3" >
6
7    <uses-sdk
8        android:minSdkVersion="21"
8-->src/main/AndroidManifest.xml
9        android:targetSdkVersion="26" />
9-->src/main/AndroidManifest.xml
10
11    <uses-permission android:name="android.permission.WRITE_EXTERNAL_STORAGE" />
11-->src/main/AndroidManifest.xml:7:5-81
11-->src/main/AndroidManifest.xml:7:22-78
12
13    <application
13-->src/main/AndroidManifest.xml:9:5-30:19
14        android:allowBackup="true"
14-->src/main/AndroidManifest.xml:10:9-35
15        android:debuggable="true"
16        android:icon="@drawable/ic_launcher"
16-->src/main/AndroidManifest.xml:11:9-45
17        android:label="@string/app_name"
17-->src/main/AndroidManifest.xml:12:9-41
18        android:theme="@style/AppTheme" >
18-->src/main/AndroidManifest.xml:13:9-40
19        <activity
19-->src/main/AndroidManifest.xml:14:9-22:20
20            android:name="com.ejvindh.andgro.MainActivity"
20-->src/main/AndroidManifest.xml:15:13-59
21            android:exported="true" >
21-->src/main/AndroidManifest.xml:16:13-36
22            <intent-filter>
22-->src/main/AndroidManifest.xml:17:13-21:29
23                <action android:name="android.intent.action.MAIN" />
23-->src/main/AndroidManifest.xml:18:17-69
23-->src/main/AndroidManifest.xml:18:25-66
24
25                <category android:name="android.intent.category.LAUNCHER" />
25-->src/main/AndroidManifest.xml:20:17-77
25-->src/main/AndroidManifest.xml:20:27-74
26            </intent-filter>
27        </activity>
28        <activity
28-->src/main/AndroidManifest.xml:23:9-29:20
29            android:name="com.ejvindh.andgro.BrowseFiles"
29-->src/main/AndroidManifest.xml:24:13-58
30            android:label="@string/title_activity_browse_files" >
30-->src/main/AndroidManifest.xml:25:13-64
31            <meta-data
31-->src/main/AndroidManifest.xml:26:13-28:67
32                android:name="android.support.PARENT_ACTIVITY"
32-->src/main/AndroidManifest.xml:27:17-63
33                android:value="com.ejvindh.andgro.MainActivity" />
33-->src/main/AndroidManifest.xml:28:17-64
34        </activity>
35
36        <meta-data
36-->[com.android.support:support-v4:26.1.0] AndroidManifest.xml:26:9-28:38
37            android:name="android.support.VERSION"
37-->[com.android.support:support-v4:26.1.0] AndroidManifest.xml:27:13-51
38            android:value="26.1.0" />
38-->[com.android.support:support-v4:26.1.0] AndroidManifest.xml:28:13-35
39        <meta-data
39-->[android.arch.lifecycle:runtime:1.0.0] AndroidManifest.xml:25:9-27:47
40            android:name="android.arch.lifecycle.VERSION"
40-->[android.arch.lifecycle:runtime:1.0.0] AndroidManifest.xml:26:13-58
41            android:value="27.0.0-SNAPSHOT" />
41-->[android.arch.lifecycle:runtime:1.0.0] AndroidManifest.xml:27:13-44
42    </application>
43
44</manifest>